<?xml version="1.0" encoding="UTF-8"?>
<testng-results skipped="0" failed="2" ignored="0" total="3" passed="1">
  <reporter-output>
  </reporter-output>
  <suite name="Default suite" duration-ms="61639" started-at="2020-05-24T12:25:01 IST" finished-at="2020-05-24T12:26:03 IST">
    <groups>
    </groups>
    <test name="Default test" duration-ms="61639" started-at="2020-05-24T12:25:01 IST" finished-at="2020-05-24T12:26:03 IST">
      <class name="com.guru99.selenium.testng.BeforeMethod_AfterMethod">
        <test-method status="PASS" signature="test5()[pri:0, instance:com.guru99.selenium.testng.BeforeMethod_AfterMethod@67205a84]" name="test5" is-config="true" duration-ms="29" started-at="2020-05-24T12:25:01 IST" finished-at="2020-05-24T12:25:01 IST">
          <reporter-output>
          </reporter-output>
        </test-method> <!-- test5 -->
        <test-method status="PASS" signature="openBrowser()[pri:0, instance:com.guru99.selenium.testng.BeforeMethod_AfterMethod@67205a84]" name="openBrowser" is-config="true" duration-ms="17312" started-at="2020-05-24T12:25:01 IST" finished-at="2020-05-24T12:25:18 IST">
          <reporter-output>
          </reporter-output>
        </test-method> <!-- openBrowser -->
        <test-method status="PASS" signature="test3()[pri:0, instance:com.guru99.selenium.testng.BeforeMethod_AfterMethod@67205a84]" name="test3" is-config="true" duration-ms="1" started-at="2020-05-24T12:25:18 IST" finished-at="2020-05-24T12:25:18 IST">
          <reporter-output>
          </reporter-output>
        </test-method> <!-- test3 -->
        <test-method status="PASS" signature="validateHomePageTitle()[pri:0, instance:com.guru99.selenium.testng.BeforeMethod_AfterMethod@67205a84]" name="validateHomePageTitle" is-config="true" duration-ms="16" started-at="2020-05-24T12:25:18 IST" finished-at="2020-05-24T12:25:18 IST">
          <reporter-output>
          </reporter-output>
        </test-method> <!-- validateHomePageTitle -->
        <test-method status="PASS" signature="validateTitle2()[pri:-2, instance:com.guru99.selenium.testng.BeforeMethod_AfterMethod@67205a84]" name="validateTitle2" duration-ms="15" started-at="2020-05-24T12:25:18 IST" finished-at="2020-05-24T12:25:18 IST">
          <reporter-output>
          </reporter-output>
        </test-method> <!-- validateTitle2 -->
        <test-method status="PASS" signature="goBackToHome()[pri:0, instance:com.guru99.selenium.testng.BeforeMethod_AfterMethod@67205a84]" name="goBackToHome" is-config="true" duration-ms="61" started-at="2020-05-24T12:25:18 IST" finished-at="2020-05-24T12:25:19 IST">
          <reporter-output>
          </reporter-output>
        </test-method> <!-- goBackToHome -->
        <test-method status="PASS" signature="validateHomePageTitle()[pri:0, instance:com.guru99.selenium.testng.BeforeMethod_AfterMethod@67205a84]" name="validateHomePageTitle" is-config="true" duration-ms="55" started-at="2020-05-24T12:25:19 IST" finished-at="2020-05-24T12:25:19 IST">
          <reporter-output>
          </reporter-output>
        </test-method> <!-- validateHomePageTitle -->
        <test-method status="FAIL" signature="validateRegister()[pri:0, instance:com.guru99.selenium.testng.BeforeMethod_AfterMethod@67205a84]" name="validateRegister" duration-ms="3557" started-at="2020-05-24T12:25:19 IST" finished-at="2020-05-24T12:25:22 IST">
          <exception class="java.lang.AssertionError">
            <message>
              <![CDATA[expected [Registration] but found [Register: Mercury Tours]]]>
            </message>
            <full-stacktrace>
              <![CDATA[java.lang.AssertionError: expected [Registration] but found [Register: Mercury Tours]
at org.testng.Assert.fail(Assert.java:97)
at org.testng.Assert.assertEqualsImpl(Assert.java:136)
at org.testng.Assert.assertEquals(Assert.java:118)
at org.testng.Assert.assertEquals(Assert.java:575)
at org.testng.Assert.assertEquals(Assert.java:585)
at com.guru99.selenium.testng.BeforeMethod_AfterMethod.validateRegister(BeforeMethod_AfterMethod.java:42)
at sun.reflect.NativeMethodAccessorImpl.invoke0(Native Method)
at sun.reflect.NativeMethodAccessorImpl.invoke(Unknown Source)
at sun.reflect.DelegatingMethodAccessorImpl.invoke(Unknown Source)
at java.lang.reflect.Method.invoke(Unknown Source)
at org.testng.internal.MethodInvocationHelper.invokeMethod(MethodInvocationHelper.java:134)
at org.testng.internal.TestInvoker.invokeMethod(TestInvoker.java:597)
at org.testng.internal.TestInvoker.invokeTestMethod(TestInvoker.java:173)
at org.testng.internal.MethodRunner.runInSequence(MethodRunner.java:46)
at org.testng.internal.TestInvoker$MethodInvocationAgent.invoke(TestInvoker.java:816)
at org.testng.internal.TestInvoker.invokeTestMethods(TestInvoker.java:146)
at org.testng.internal.TestMethodWorker.invokeTestMethods(TestMethodWorker.java:146)
at org.testng.internal.TestMethodWorker.run(TestMethodWorker.java:128)
at java.util.ArrayList.forEach(Unknown Source)
at org.testng.TestRunner.privateRun(TestRunner.java:766)
at org.testng.TestRunner.run(TestRunner.java:587)
at org.testng.SuiteRunner.runTest(SuiteRunner.java:384)
at org.testng.SuiteRunner.runSequentially(SuiteRunner.java:378)
at org.testng.SuiteRunner.privateRun(SuiteRunner.java:337)
at org.testng.SuiteRunner.run(SuiteRunner.java:286)
at org.testng.SuiteRunnerWorker.runSuite(SuiteRunnerWorker.java:53)
at org.testng.SuiteRunnerWorker.run(SuiteRunnerWorker.java:96)
at org.testng.TestNG.runSuitesSequentially(TestNG.java:1187)
at org.testng.TestNG.runSuitesLocally(TestNG.java:1109)
at org.testng.TestNG.runSuites(TestNG.java:1039)
at org.testng.TestNG.run(TestNG.java:1007)
at org.testng.remote.AbstractRemoteTestNG.run(AbstractRemoteTestNG.java:115)
at org.testng.remote.RemoteTestNG.initAndRun(RemoteTestNG.java:251)
at org.testng.remote.RemoteTestNG.main(RemoteTestNG.java:77)
]]>
            </full-stacktrace>
          </exception> <!-- java.lang.AssertionError -->
          <reporter-output>
          </reporter-output>
        </test-method> <!-- validateRegister -->
        <test-method status="PASS" signature="goBackToHome()[pri:0, instance:com.guru99.selenium.testng.BeforeMethod_AfterMethod@67205a84]" name="goBackToHome" is-config="true" duration-ms="2272" started-at="2020-05-24T12:25:22 IST" finished-at="2020-05-24T12:25:24 IST">
          <reporter-output>
          </reporter-output>
        </test-method> <!-- goBackToHome -->
        <test-method status="PASS" signature="validateHomePageTitle()[pri:0, instance:com.guru99.selenium.testng.BeforeMethod_AfterMethod@67205a84]" name="validateHomePageTitle" is-config="true" duration-ms="9" started-at="2020-05-24T12:25:24 IST" finished-at="2020-05-24T12:25:24 IST">
          <reporter-output>
          </reporter-output>
        </test-method> <!-- validateHomePageTitle -->
        <test-method status="FAIL" signature="validateSupport()[pri:0, instance:com.guru99.selenium.testng.BeforeMethod_AfterMethod@67205a84]" name="validateSupport" duration-ms="33332" started-at="2020-05-24T12:25:24 IST" finished-at="2020-05-24T12:25:58 IST">
          <exception class="org.openqa.selenium.WebDriverException">
            <message>
              <![CDATA[Reached error page: about:neterror?e=netReset&u=http%3A//demo.guru99.com/test/newtours/support.php&c=UTF-8&f=regular&d=The%20connection%20to%20the%20server%20was%20reset%20while%20the%20page%20was%20loading.
Build info: version: '3.141.59', revision: 'e82be7d358', time: '2018-11-14T08:25:48'
System info: host: 'DESKTOP-MNHHF5Q', ip: '192.168.31.54', os.name: 'Windows 10', os.arch: 'amd64', os.version: '10.0', java.version: '1.8.0_241'
Driver info: org.openqa.selenium.firefox.FirefoxDriver
Capabilities {acceptInsecureCerts: true, browserName: firefox, browserVersion: 76.0.1, javascriptEnabled: true, moz:accessibilityChecks: false, moz:buildID: 20200507114007, moz:geckodriverVersion: 0.26.0, moz:headless: false, moz:processID: 8260, moz:profile: C:\Users\Chaitanya Emani\Ap..., moz:shutdownTimeout: 60000, moz:useNonSpecCompliantPointerOrigin: false, moz:webdriverClick: true, pageLoadStrategy: normal, platform: WINDOWS, platformName: WINDOWS, platformVersion: 10.0, rotatable: false, setWindowRect: true, strictFileInteractability: false, timeouts: {implicit: 0, pageLoad: 300000, script: 30000}, unhandledPromptBehavior: dismiss and notify}
Session ID: 7519e71e-3cb3-44f0-8c56-588373e8ffb0]]>
            </message>
            <full-stacktrace>
              <![CDATA[org.openqa.selenium.WebDriverException: Reached error page: about:neterror?e=netReset&u=http%3A//demo.guru99.com/test/newtours/support.php&c=UTF-8&f=regular&d=The%20connection%20to%20the%20server%20was%20reset%20while%20the%20page%20was%20loading.
Build info: version: '3.141.59', revision: 'e82be7d358', time: '2018-11-14T08:25:48'
System info: host: 'DESKTOP-MNHHF5Q', ip: '192.168.31.54', os.name: 'Windows 10', os.arch: 'amd64', os.version: '10.0', java.version: '1.8.0_241'
Driver info: org.openqa.selenium.firefox.FirefoxDriver
Capabilities {acceptInsecureCerts: true, browserName: firefox, browserVersion: 76.0.1, javascriptEnabled: true, moz:accessibilityChecks: false, moz:buildID: 20200507114007, moz:geckodriverVersion: 0.26.0, moz:headless: false, moz:processID: 8260, moz:profile: C:\Users\Chaitanya Emani\Ap..., moz:shutdownTimeout: 60000, moz:useNonSpecCompliantPointerOrigin: false, moz:webdriverClick: true, pageLoadStrategy: normal, platform: WINDOWS, platformName: WINDOWS, platformVersion: 10.0, rotatable: false, setWindowRect: true, strictFileInteractability: false, timeouts: {implicit: 0, pageLoad: 300000, script: 30000}, unhandledPromptBehavior: dismiss and notify}
Session ID: 7519e71e-3cb3-44f0-8c56-588373e8ffb0
at sun.reflect.NativeConstructorAccessorImpl.newInstance0(Native Method)
at sun.reflect.NativeConstructorAccessorImpl.newInstance(Unknown Source)
at sun.reflect.DelegatingConstructorAccessorImpl.newInstance(Unknown Source)
at java.lang.reflect.Constructor.newInstance(Unknown Source)
at org.openqa.selenium.remote.http.W3CHttpResponseCodec.createException(W3CHttpResponseCodec.java:187)
at org.openqa.selenium.remote.http.W3CHttpResponseCodec.decode(W3CHttpResponseCodec.java:122)
at org.openqa.selenium.remote.http.W3CHttpResponseCodec.decode(W3CHttpResponseCodec.java:49)
at org.openqa.selenium.remote.HttpCommandExecutor.execute(HttpCommandExecutor.java:158)
at org.openqa.selenium.remote.service.DriverCommandExecutor.execute(DriverCommandExecutor.java:83)
at org.openqa.selenium.remote.RemoteWebDriver.execute(RemoteWebDriver.java:552)
at org.openqa.selenium.remote.RemoteWebElement.execute(RemoteWebElement.java:285)
at org.openqa.selenium.remote.RemoteWebElement.click(RemoteWebElement.java:84)
at com.guru99.selenium.testng.BeforeMethod_AfterMethod.validateSupport(BeforeMethod_AfterMethod.java:46)
at sun.reflect.NativeMethodAccessorImpl.invoke0(Native Method)
at sun.reflect.NativeMethodAccessorImpl.invoke(Unknown Source)
at sun.reflect.DelegatingMethodAccessorImpl.invoke(Unknown Source)
at java.lang.reflect.Method.invoke(Unknown Source)
at org.testng.internal.MethodInvocationHelper.invokeMethod(MethodInvocationHelper.java:134)
at org.testng.internal.TestInvoker.invokeMethod(TestInvoker.java:597)
at org.testng.internal.TestInvoker.invokeTestMethod(TestInvoker.java:173)
at org.testng.internal.MethodRunner.runInSequence(MethodRunner.java:46)
at org.testng.internal.TestInvoker$MethodInvocationAgent.invoke(TestInvoker.java:816)
at org.testng.internal.TestInvoker.invokeTestMethods(TestInvoker.java:146)
at org.testng.internal.TestMethodWorker.invokeTestMethods(TestMethodWorker.java:146)
at org.testng.internal.TestMethodWorker.run(TestMethodWorker.java:128)
at java.util.ArrayList.forEach(Unknown Source)
at org.testng.TestRunner.privateRun(TestRunner.java:766)
at org.testng.TestRunner.run(TestRunner.java:587)
at org.testng.SuiteRunner.runTest(SuiteRunner.java:384)
at org.testng.SuiteRunner.runSequentially(SuiteRunner.java:378)
at org.testng.SuiteRunner.privateRun(SuiteRunner.java:337)
at org.testng.SuiteRunner.run(SuiteRunner.java:286)
at org.testng.SuiteRunnerWorker.runSuite(SuiteRunnerWorker.java:53)
at org.testng.SuiteRunnerWorker.run(SuiteRunnerWorker.java:96)
at org.testng.TestNG.runSuitesSequentially(TestNG.java:1187)
at org.testng.TestNG.runSuitesLocally(TestNG.java:1109)
at org.testng.TestNG.runSuites(TestNG.java:1039)
at org.testng.TestNG.run(TestNG.java:1007)
at org.testng.remote.AbstractRemoteTestNG.run(AbstractRemoteTestNG.java:115)
at org.testng.remote.RemoteTestNG.initAndRun(RemoteTestNG.java:251)
at org.testng.remote.RemoteTestNG.main(RemoteTestNG.java:77)
]]>
            </full-stacktrace>
          </exception> <!-- org.openqa.selenium.WebDriverException -->
          <reporter-output>
          </reporter-output>
        </test-method> <!-- validateSupport -->
        <test-method status="PASS" signature="goBackToHome()[pri:0, instance:com.guru99.selenium.testng.BeforeMethod_AfterMethod@67205a84]" name="goBackToHome" is-config="true" duration-ms="2980" started-at="2020-05-24T12:25:58 IST" finished-at="2020-05-24T12:26:01 IST">
          <reporter-output>
          </reporter-output>
        </test-method> <!-- goBackToHome -->
        <test-method status="PASS" signature="test4()[pri:0, instance:com.guru99.selenium.testng.BeforeMethod_AfterMethod@67205a84]" name="test4" is-config="true" duration-ms="1" started-at="2020-05-24T12:26:01 IST" finished-at="2020-05-24T12:26:01 IST">
          <reporter-output>
          </reporter-output>
        </test-method> <!-- test4 -->
        <test-method status="PASS" signature="tearDown()[pri:0, instance:com.guru99.selenium.testng.BeforeMethod_AfterMethod@67205a84]" name="tearDown" is-config="true" duration-ms="1905" started-at="2020-05-24T12:26:01 IST" finished-at="2020-05-24T12:26:03 IST">
          <reporter-output>
          </reporter-output>
        </test-method> <!-- tearDown -->
        <test-method status="PASS" signature="test6()[pri:0, instance:com.guru99.selenium.testng.BeforeMethod_AfterMethod@67205a84]" name="test6" is-config="true" duration-ms="0" started-at="2020-05-24T12:26:03 IST" finished-at="2020-05-24T12:26:03 IST">
          <reporter-output>
          </reporter-output>
        </test-method> <!-- test6 -->
      </class> <!-- com.guru99.selenium.testng.BeforeMethod_AfterMethod -->
    </test> <!-- Default test -->
  </suite> <!-- Default suite -->
</testng-results>
